[debug] [2022-05-17T16:34:30.891Z] ----------------------------------------------------------------------
[debug] [2022-05-17T16:34:30.892Z] Command:       /usr/local/bin/node /usr/local/bin/firebase emulators:start --only auth
[debug] [2022-05-17T16:34:30.893Z] CLI Version:   10.9.2
[debug] [2022-05-17T16:34:30.893Z] Platform:      linux
[debug] [2022-05-17T16:34:30.893Z] Node Version:  v16.15.0
[debug] [2022-05-17T16:34:30.893Z] Time:          Tue May 17 2022 18:34:30 GMT+0200 (Central European Summer Time)
[debug] [2022-05-17T16:34:30.893Z] ----------------------------------------------------------------------
[debug] 
[debug] [2022-05-17T16:34:30.946Z] > command requires scopes: ["email","openid","https://www.googleapis.com/auth/cloudplatformprojects.readonly","https://www.googleapis.com/auth/firebase","https://www.googleapis.com/auth/cloud-platform"]
[debug] [2022-05-17T16:34:30.946Z] > authorizing via signed-in user (stfn.bgr@gmail.com)
[info] i  emulators: Starting emulators: auth {"metadata":{"emulator":{"name":"hub"},"message":"Starting emulators: auth"}}
[debug] [2022-05-17T16:34:30.957Z] [hub] writing locator at /tmp/hub-js-todo-23ba4.json
[debug] [2022-05-17T16:34:37.306Z] Ignoring unsupported arg: auto_download {"metadata":{"emulator":{"name":"ui"},"message":"Ignoring unsupported arg: auto_download"}}
[debug] [2022-05-17T16:34:37.307Z] Ignoring unsupported arg: port {"metadata":{"emulator":{"name":"ui"},"message":"Ignoring unsupported arg: port"}}
[debug] [2022-05-17T16:34:37.308Z] Starting Emulator UI with command {"binary":"node","args":["/home/erynder-z/.cache/firebase/emulators/ui-v1.7.0/server.bundle.js"],"optionalArgs":[],"joinArgs":false} {"metadata":{"emulator":{"name":"ui"},"message":"Starting Emulator UI with command {\"binary\":\"node\",\"args\":[\"/home/erynder-z/.cache/firebase/emulators/ui-v1.7.0/server.bundle.js\"],\"optionalArgs\":[],\"joinArgs\":false}"}}
[info] i  ui: Emulator UI logging to ui-debug.log {"metadata":{"emulator":{"name":"ui"},"message":"Emulator UI logging to \u001b[1mui-debug.log\u001b[22m"}}
[debug] [2022-05-17T16:34:37.420Z] Web / API server started at localhost:4000
 {"metadata":{"emulator":{"name":"ui"},"message":"Web / API server started at localhost:4000\n"}}
[info] 
┌─────────────────────────────────────────────────────────────┐
│ ✔  All emulators ready! It is now safe to connect your app. │
│ i  View Emulator UI at http://localhost:4000                │
└─────────────────────────────────────────────────────────────┘

┌────────────────┬────────────────┬────────────────────────────┐
│ Emulator       │ Host:Port      │ View in Emulator UI        │
├────────────────┼────────────────┼────────────────────────────┤
│ Authentication │ localhost:9099 │ http://localhost:4000/auth │
└────────────────┴────────────────┴────────────────────────────┘
  Emulator Hub running at localhost:4400
  Other reserved ports: 4500

Issues? Report them at https://github.com/firebase/firebase-tools/issues and attach the *-debug.log files.
 
